<?xml version="1.0" encoding="UTF-8"?>
<!-- Generated by org.testng.reporters.JUnitXMLReporter -->
<testsuite hostname="KI-LAPTOP174" ignored="0" name="Test" tests="3" failures="0" timestamp="08 Aug 2022 05:38:39 GMT" time="60.198" errors="0">
  <testcase name="testsubmitform" time="19.538" classname="tests.submitforms"/>
  <testcase name="testsubmitform" time="18.289" classname="tests.submitforms"/>
  <testcase name="placeOrderTest" time="16.108" classname="tests.PlaceOrderTest"/>
</testsuite> <!-- Test -->
