<?xml version="1.0" encoding="UTF-8"?>
<!-- Generated by org.testng.reporters.JUnitXMLReporter -->
<testsuite hostname="KI-LAPTOP174" ignored="0" name="Test" tests="7" failures="2" timestamp="10 Aug 2022 05:46:37 GMT" time="101.919" errors="0">
  <testcase name="testsubmitform" time="20.305" classname="tests.submitforms"/>
  <testcase name="testsubmitform" time="17.988" classname="tests.submitforms"/>
  <testcase name="testsubmitform" time="0.148" classname="tests.submitforms">
    <failure type="java.lang.IllegalArgumentException" message="Keys to send should be a not null CharSequence">
      <![CDATA[java.lang.IllegalArgumentException: Keys to send should be a not null CharSequence
at org.openqa.selenium.remote.RemoteWebElement.sendKeys(RemoteWebElement.java:98)
at org.openqa.selenium.support.pagefactory.internal.LocatingElementHandler.invoke(LocatingElementHandler.java:52)
at com.sun.proxy.$Proxy14.sendKeys(Unknown Source)
at libraries.businesslibraries.submitForm(Unknown Source)
at tests.submitforms.testsubmitform(Unknown Source)
... Removed 28 stack frames]]>
    </failure>
  </testcase> <!-- testsubmitform -->
  <testcase name="placeOrderTest" time="15.777" classname="tests.PlaceOrderTest"/>
  <testcase name="testsubmitform" time="19.241" classname="tests.Registartion"/>
  <testcase name="testsubmitform" time="18.066" classname="tests.Registartion"/>
  <testcase name="testsubmitform" time="0.167" classname="tests.Registartion">
    <failure type="java.lang.IllegalArgumentException" message="Keys to send should be a not null CharSequence">
      <![CDATA[java.lang.IllegalArgumentException: Keys to send should be a not null CharSequence
at org.openqa.selenium.remote.RemoteWebElement.sendKeys(RemoteWebElement.java:98)
at org.openqa.selenium.support.pagefactory.internal.LocatingElementHandler.invoke(LocatingElementHandler.java:52)
at com.sun.proxy.$Proxy14.sendKeys(Unknown Source)
at libraries.businesslibraries.submitForm(Unknown Source)
at tests.Registartion.testsubmitform(Unknown Source)
... Removed 27 stack frames]]>
    </failure>
  </testcase> <!-- testsubmitform -->
</testsuite> <!-- Test -->
