<?xml version="1.0" encoding="UTF-8"?>
<!-- Generated by org.testng.reporters.JUnitXMLReporter -->
<testsuite hostname="KI-LAPTOP174" ignored="0" name="Test" tests="3" failures="0" timestamp="2022-08-06T13:31:33 IST" time="64.691" errors="0">
  <testcase name="testsubmitform" time="19.658" classname="tests.submitforms"/>
  <testcase name="testsubmitform" time="18.058" classname="tests.submitforms"/>
  <testcase name="placeOrderTest" time="16.539" classname="tests.PlaceOrderTest"/>
</testsuite> <!-- Test -->
