<?xml version="1.0" encoding="UTF-8"?>
<!-- Generated by org.testng.reporters.JUnitXMLReporter -->
<testsuite hostname="KI-LAPTOP174" ignored="0" name="Test" tests="3" failures="0" timestamp="2022-08-08T10:20:06 IST" time="59.251" errors="0">
  <testcase name="testsubmitform" time="18.933" classname="tests.submitforms"/>
  <testcase name="testsubmitform" time="18.041" classname="tests.submitforms"/>
  <testcase name="placeOrderTest" time="16.066" classname="tests.PlaceOrderTest"/>
</testsuite> <!-- Test -->
